<?xml version="1.0" encoding="UTF-8"?>
<!-- Generated by org.testng.reporters.JUnitXMLReporter -->
<testsuite ignored="0" hostname="Iris" failures="3" tests="10" name="Surefire test" time="16.983" errors="0" timestamp="31 Jan 2024 12:46:01 GMT">
  <testcase classname="apitest.apibasis.NeoFeedTest" name="verifyWithoutStartDateAndEndDate" time="3.925"/>
  <testcase classname="apitest.apibasis.NeoFeedTest" name="verifyWithoutStartDate" time="1.072"/>
  <testcase classname="apitest.apibasis.NeoFeedTest" name="verifyWithoutEndDate" time="2.196"/>
  <testcase classname="apitest.apibasis.NeoFeedTest" name="verifySwappedStartDateAndEndDate" time="1.823"/>
  <testcase classname="apitest.apibasis.NeoFeedTest" name="verifyInvalidDateFormat" time="1.652">
    <failure type="java.lang.AssertionError" message="1 expectation failed.
JSON path error_message doesn&amp;apos;t match.
Expected: Date Format Exception - Expected format (yyyy-mm-dd) - Invalid_Date_Format - Unparseable date: \&amp;quot;Invalid_Date_Format\&amp;quot;
  Actual: Date Format Exception - Expected format (yyyy-mm-dd) - Invalid_Date_Format
">
      <![CDATA[java.lang.AssertionError: 1 expectation failed.
JSON path error_message doesn't match.
Expected: Date Format Exception - Expected format (yyyy-mm-dd) - Invalid_Date_Format - Unparseable date: \"Invalid_Date_Format\"
  Actual: Date Format Exception - Expected format (yyyy-mm-dd) - Invalid_Date_Format

at org.codehaus.groovy.runtime.callsite.ConstructorSite$ConstructorSiteNoUnwrapNoCoerce.callConstructor(ConstructorSite.java:105)
at org.codehaus.groovy.runtime.callsite.CallSiteArray.defaultCallConstructor(CallSiteArray.java:59)
at org.codehaus.groovy.runtime.callsite.AbstractCallSite.callConstructor(AbstractCallSite.java:263)
at org.codehaus.groovy.runtime.callsite.AbstractCallSite.callConstructor(AbstractCallSite.java:277)
at io.restassured.internal.ResponseSpecificationImpl$HamcrestAssertionClosure.validate(ResponseSpecificationImpl.groovy:493)
at io.restassured.internal.ResponseSpecificationImpl$HamcrestAssertionClosure$validate$1.call(Unknown Source)
at io.restassured.internal.ResponseSpecificationImpl.validateResponseIfRequired(ResponseSpecificationImpl.groovy:674)
at org.codehaus.groovy.runtime.callsite.PlainObjectMetaMethodSite.doInvoke(PlainObjectMetaMethodSite.java:43)
at org.codehaus.groovy.runtime.callsite.PogoMetaMethodSite$PogoCachedMethodSiteNoUnwrapNoCoerce.invoke(PogoMetaMethodSite.java:193)
at org.codehaus.groovy.runtime.callsite.PogoMetaMethodSite.callCurrent(PogoMetaMethodSite.java:61)
at org.codehaus.groovy.runtime.callsite.CallSiteArray.defaultCallCurrent(CallSiteArray.java:51)
at org.codehaus.groovy.runtime.callsite.AbstractCallSite.callCurrent(AbstractCallSite.java:171)
at org.codehaus.groovy.runtime.callsite.AbstractCallSite.callCurrent(AbstractCallSite.java:185)
at io.restassured.internal.ResponseSpecificationImpl.body(ResponseSpecificationImpl.groovy:261)
at io.restassured.specification.ResponseSpecification$body$1.callCurrent(Unknown Source)
at org.codehaus.groovy.runtime.callsite.CallSiteArray.defaultCallCurrent(CallSiteArray.java:51)
at org.codehaus.groovy.runtime.callsite.AbstractCallSite.callCurrent(AbstractCallSite.java:171)
at org.codehaus.groovy.runtime.callsite.AbstractCallSite.callCurrent(AbstractCallSite.java:212)
at io.restassured.internal.ResponseSpecificationImpl.body(ResponseSpecificationImpl.groovy:108)
at io.restassured.internal.ValidatableResponseOptionsImpl.body(ValidatableResponseOptionsImpl.java:244)
at io.restassured.internal.ValidatableResponseImpl.super$2$body(ValidatableResponseImpl.groovy)
at groovy.lang.MetaMethod.doMethodInvoke(MetaMethod.java:323)
at groovy.lang.MetaClassImpl.invokeMethod(MetaClassImpl.java:1268)
at org.codehaus.groovy.runtime.ScriptBytecodeAdapter.invokeMethodOnSuperN(ScriptBytecodeAdapter.java:144)
at io.restassured.internal.ValidatableResponseImpl.body(ValidatableResponseImpl.groovy:298)
at io.restassured.internal.ValidatableResponseImpl.body(ValidatableResponseImpl.groovy)
at apitest.apibasis.NeoFeedTest.verifyInvalidDateFormat(NeoFeedTest.java:70)
... Removed 37 stack frames]]>
    </failure>
  </testcase> <!-- verifyInvalidDateFormat -->
  <testcase classname="apitest.apibasis.NeoFeedTest" name="verifyUsingInvalidAPIKey" time="0.89"/>
  <testcase classname="apitest.apibasis.NeoFeedTest" name="verifyWithoutAPIKey" time="0.922"/>
  <testcase classname="apitest.apibasis.NeoFeedTest" name="verifyUsingValidStartDateAndEndDate" time="1.352"/>
  <testcase classname="apitest.apibasis.NeoFeedTest" name="verifyUsingValidTestDetails" time="1.286">
    <failure type="java.lang.reflect.InaccessibleObjectException" message="Unable to make field private final int java.time.LocalDate.year accessible: module java.base does not &amp;quot;opens java.time&amp;quot; to unnamed module @58ceff1">
      <![CDATA[java.lang.reflect.InaccessibleObjectException: Unable to make field private final int java.time.LocalDate.year accessible: module java.base does not "opens java.time" to unnamed module @58ceff1
at com.google.gson.internal.bind.ReflectiveTypeAdapterFactory.getBoundFields(ReflectiveTypeAdapterFactory.java:153)
at com.google.gson.internal.bind.ReflectiveTypeAdapterFactory.create(ReflectiveTypeAdapterFactory.java:96)
at com.google.gson.Gson.getAdapter(Gson.java:416)
at com.google.gson.internal.bind.ReflectiveTypeAdapterFactory.getFieldAdapter(ReflectiveTypeAdapterFactory.java:135)
at com.google.gson.internal.bind.ReflectiveTypeAdapterFactory$1.<init>(ReflectiveTypeAdapterFactory.java:105)
at com.google.gson.internal.bind.ReflectiveTypeAdapterFactory.createBoundField(ReflectiveTypeAdapterFactory.java:104)
at com.google.gson.internal.bind.ReflectiveTypeAdapterFactory.getBoundFields(ReflectiveTypeAdapterFactory.java:160)
at com.google.gson.internal.bind.ReflectiveTypeAdapterFactory.create(ReflectiveTypeAdapterFactory.java:96)
at com.google.gson.Gson.getAdapter(Gson.java:416)
at com.google.gson.internal.bind.ArrayTypeAdapter$1.create(ArrayTypeAdapter.java:48)
at com.google.gson.Gson.getAdapter(Gson.java:416)
at com.google.gson.internal.bind.ReflectiveTypeAdapterFactory.getFieldAdapter(ReflectiveTypeAdapterFactory.java:135)
at com.google.gson.internal.bind.ReflectiveTypeAdapterFactory$1.<init>(ReflectiveTypeAdapterFactory.java:105)
at com.google.gson.internal.bind.ReflectiveTypeAdapterFactory.createBoundField(ReflectiveTypeAdapterFactory.java:104)
at com.google.gson.internal.bind.ReflectiveTypeAdapterFactory.getBoundFields(ReflectiveTypeAdapterFactory.java:160)
at com.google.gson.internal.bind.ReflectiveTypeAdapterFactory.create(ReflectiveTypeAdapterFactory.java:96)
at com.google.gson.Gson.getAdapter(Gson.java:416)
at com.google.gson.internal.bind.ArrayTypeAdapter$1.create(ArrayTypeAdapter.java:48)
at com.google.gson.Gson.getAdapter(Gson.java:416)
at com.google.gson.internal.bind.MapTypeAdapterFactory.create(MapTypeAdapterFactory.java:126)
at com.google.gson.Gson.getAdapter(Gson.java:416)
at com.google.gson.internal.bind.ReflectiveTypeAdapterFactory.getFieldAdapter(ReflectiveTypeAdapterFactory.java:135)
at com.google.gson.internal.bind.ReflectiveTypeAdapterFactory$1.<init>(ReflectiveTypeAdapterFactory.java:105)
at com.google.gson.internal.bind.ReflectiveTypeAdapterFactory.createBoundField(ReflectiveTypeAdapterFactory.java:104)
at com.google.gson.internal.bind.ReflectiveTypeAdapterFactory.getBoundFields(ReflectiveTypeAdapterFactory.java:160)
at com.google.gson.internal.bind.ReflectiveTypeAdapterFactory.create(ReflectiveTypeAdapterFactory.java:96)
at com.google.gson.Gson.getAdapter(Gson.java:416)
at com.google.gson.Gson.fromJson(Gson.java:878)
at com.google.gson.Gson.fromJson(Gson.java:844)
at com.google.gson.Gson.fromJson(Gson.java:793)
at com.google.gson.Gson.fromJson(Gson.java:765)
at com.google.gson.Gson$fromJson.call(Unknown Source)
at org.codehaus.groovy.runtime.callsite.CallSiteArray.defaultCall(CallSiteArray.java:47)
at org.codehaus.groovy.runtime.callsite.AbstractCallSite.call(AbstractCallSite.java:125)
at org.codehaus.groovy.runtime.callsite.AbstractCallSite.call(AbstractCallSite.java:148)
at io.restassured.internal.path.json.mapping.JsonPathGsonObjectDeserializer.deserialize(JsonPathGsonObjectDeserializer.groovy:35)
at io.restassured.path.json.mapping.JsonPathObjectDeserializer$deserialize.call(Unknown Source)
at org.codehaus.groovy.runtime.callsite.CallSiteArray.defaultCall(CallSiteArray.java:47)
at org.codehaus.groovy.runtime.callsite.AbstractCallSite.call(AbstractCallSite.java:125)
at org.codehaus.groovy.runtime.callsite.AbstractCallSite.call(AbstractCallSite.java:139)
at io.restassured.internal.mapping.GsonMapper.deserialize(GsonMapper.groovy:39)
at io.restassured.mapper.ObjectMapper$deserialize.call(Unknown Source)
at org.codehaus.groovy.runtime.callsite.CallSiteArray.defaultCall(CallSiteArray.java:47)
at org.codehaus.groovy.runtime.callsite.AbstractCallSite.call(AbstractCallSite.java:125)
at org.codehaus.groovy.runtime.callsite.AbstractCallSite.call(AbstractCallSite.java:139)
at io.restassured.internal.mapping.ObjectMapping.parseWithGson(ObjectMapping.groovy:230)
at org.codehaus.groovy.runtime.callsite.StaticMetaMethodSite$StaticMetaMethodSiteNoUnwrapNoCoerce.invoke(StaticMetaMethodSite.java:149)
at org.codehaus.groovy.runtime.callsite.StaticMetaMethodSite.callStatic(StaticMetaMethodSite.java:100)
at org.codehaus.groovy.runtime.callsite.CallSiteArray.defaultCallStatic(CallSiteArray.java:55)
at org.codehaus.groovy.runtime.callsite.AbstractCallSite.callStatic(AbstractCallSite.java:217)
at org.codehaus.groovy.runtime.callsite.AbstractCallSite.callStatic(AbstractCallSite.java:240)
at io.restassured.internal.mapping.ObjectMapping.deserialize(ObjectMapping.groovy:63)
at io.restassured.internal.mapping.ObjectMapping$deserialize.call(Unknown Source)
at org.codehaus.groovy.runtime.callsite.CallSiteArray.defaultCall(CallSiteArray.java:47)
at org.codehaus.groovy.runtime.callsite.AbstractCallSite.call(AbstractCallSite.java:125)
at io.restassured.internal.RestAssuredResponseOptionsGroovyImpl.as(RestAssuredResponseOptionsGroovyImpl.groovy:226)
at io.restassured.internal.RestAssuredResponseOptionsImpl.as(RestAssuredResponseOptionsImpl.java:169)
at apitest.apibasis.NeoFeedTest.verifyUsingValidTestDetails(NeoFeedTest.java:116)
... Removed 36 stack frames]]>
    </failure>
  </testcase> <!-- verifyUsingValidTestDetails -->
  <testcase classname="apitest.apibasis.NeoFeedTest" name="verifyUsingValidTestDetails" time="1.791">
    <failure type="java.lang.reflect.InaccessibleObjectException" message="Unable to make field private final int java.time.LocalDate.year accessible: module java.base does not &amp;quot;opens java.time&amp;quot; to unnamed module @58ceff1">
      <![CDATA[java.lang.reflect.InaccessibleObjectException: Unable to make field private final int java.time.LocalDate.year accessible: module java.base does not "opens java.time" to unnamed module @58ceff1
at com.google.gson.internal.bind.ReflectiveTypeAdapterFactory.getBoundFields(ReflectiveTypeAdapterFactory.java:153)
at com.google.gson.internal.bind.ReflectiveTypeAdapterFactory.create(ReflectiveTypeAdapterFactory.java:96)
at com.google.gson.Gson.getAdapter(Gson.java:416)
at com.google.gson.internal.bind.ReflectiveTypeAdapterFactory.getFieldAdapter(ReflectiveTypeAdapterFactory.java:135)
at com.google.gson.internal.bind.ReflectiveTypeAdapterFactory$1.<init>(ReflectiveTypeAdapterFactory.java:105)
at com.google.gson.internal.bind.ReflectiveTypeAdapterFactory.createBoundField(ReflectiveTypeAdapterFactory.java:104)
at com.google.gson.internal.bind.ReflectiveTypeAdapterFactory.getBoundFields(ReflectiveTypeAdapterFactory.java:160)
at com.google.gson.internal.bind.ReflectiveTypeAdapterFactory.create(ReflectiveTypeAdapterFactory.java:96)
at com.google.gson.Gson.getAdapter(Gson.java:416)
at com.google.gson.internal.bind.ArrayTypeAdapter$1.create(ArrayTypeAdapter.java:48)
at com.google.gson.Gson.getAdapter(Gson.java:416)
at com.google.gson.internal.bind.ReflectiveTypeAdapterFactory.getFieldAdapter(ReflectiveTypeAdapterFactory.java:135)
at com.google.gson.internal.bind.ReflectiveTypeAdapterFactory$1.<init>(ReflectiveTypeAdapterFactory.java:105)
at com.google.gson.internal.bind.ReflectiveTypeAdapterFactory.createBoundField(ReflectiveTypeAdapterFactory.java:104)
at com.google.gson.internal.bind.ReflectiveTypeAdapterFactory.getBoundFields(ReflectiveTypeAdapterFactory.java:160)
at com.google.gson.internal.bind.ReflectiveTypeAdapterFactory.create(ReflectiveTypeAdapterFactory.java:96)
at com.google.gson.Gson.getAdapter(Gson.java:416)
at com.google.gson.internal.bind.ArrayTypeAdapter$1.create(ArrayTypeAdapter.java:48)
at com.google.gson.Gson.getAdapter(Gson.java:416)
at com.google.gson.internal.bind.MapTypeAdapterFactory.create(MapTypeAdapterFactory.java:126)
at com.google.gson.Gson.getAdapter(Gson.java:416)
at com.google.gson.internal.bind.ReflectiveTypeAdapterFactory.getFieldAdapter(ReflectiveTypeAdapterFactory.java:135)
at com.google.gson.internal.bind.ReflectiveTypeAdapterFactory$1.<init>(ReflectiveTypeAdapterFactory.java:105)
at com.google.gson.internal.bind.ReflectiveTypeAdapterFactory.createBoundField(ReflectiveTypeAdapterFactory.java:104)
at com.google.gson.internal.bind.ReflectiveTypeAdapterFactory.getBoundFields(ReflectiveTypeAdapterFactory.java:160)
at com.google.gson.internal.bind.ReflectiveTypeAdapterFactory.create(ReflectiveTypeAdapterFactory.java:96)
at com.google.gson.Gson.getAdapter(Gson.java:416)
at com.google.gson.Gson.fromJson(Gson.java:878)
at com.google.gson.Gson.fromJson(Gson.java:844)
at com.google.gson.Gson.fromJson(Gson.java:793)
at com.google.gson.Gson.fromJson(Gson.java:765)
at com.google.gson.Gson$fromJson.call(Unknown Source)
at io.restassured.internal.path.json.mapping.JsonPathGsonObjectDeserializer.deserialize(JsonPathGsonObjectDeserializer.groovy:35)
at io.restassured.path.json.mapping.JsonPathObjectDeserializer$deserialize.call(Unknown Source)
at io.restassured.internal.mapping.GsonMapper.deserialize(GsonMapper.groovy:39)
at io.restassured.mapper.ObjectMapper$deserialize.call(Unknown Source)
at io.restassured.internal.mapping.ObjectMapping.parseWithGson(ObjectMapping.groovy:230)
at org.codehaus.groovy.runtime.callsite.StaticMetaMethodSite$StaticMetaMethodSiteNoUnwrapNoCoerce.invoke(StaticMetaMethodSite.java:149)
at org.codehaus.groovy.runtime.callsite.StaticMetaMethodSite.callStatic(StaticMetaMethodSite.java:100)
at org.codehaus.groovy.runtime.callsite.AbstractCallSite.callStatic(AbstractCallSite.java:240)
at io.restassured.internal.mapping.ObjectMapping.deserialize(ObjectMapping.groovy:63)
at io.restassured.internal.mapping.ObjectMapping$deserialize.call(Unknown Source)
at io.restassured.internal.RestAssuredResponseOptionsGroovyImpl.as(RestAssuredResponseOptionsGroovyImpl.groovy:226)
at io.restassured.internal.RestAssuredResponseOptionsImpl.as(RestAssuredResponseOptionsImpl.java:169)
at apitest.apibasis.NeoFeedTest.verifyUsingValidTestDetails(NeoFeedTest.java:116)
... Removed 36 stack frames]]>
    </failure>
  </testcase> <!-- verifyUsingValidTestDetails -->
</testsuite> <!-- Surefire test -->
