<?xml version="1.0" encoding="UTF-8"?>
<!-- Generated by org.testng.reporters.JUnitXMLReporter -->
<testsuite ignored="0" hostname="Vostra-5402" failures="0" tests="10" name="Default test" time="41.128" errors="0" timestamp="2022-01-09T09:47:45 EST">
  <testcase classname="apitest.apibasis.NeoFeedTest" name="verifyWithoutStartDateAndEndDate" time="2.099"/>
  <testcase classname="apitest.apibasis.NeoFeedTest" name="verifyWithoutStartDate" time="0.387"/>
  <testcase classname="apitest.apibasis.NeoFeedTest" name="verifyWithoutEndDate" time="17.088"/>
  <testcase classname="apitest.apibasis.NeoFeedTest" name="verifySwappedStartDateAndEndDate" time="5.306"/>
  <testcase classname="apitest.apibasis.NeoFeedTest" name="verifyInvalidDateFormat" time="0.772"/>
  <testcase classname="apitest.apibasis.NeoFeedTest" name="verifyUsingInvalidAPIKey" time="0.351"/>
  <testcase classname="apitest.apibasis.NeoFeedTest" name="verifyWithoutAPIKey" time="0.325"/>
  <testcase classname="apitest.apibasis.NeoFeedTest" name="verifyUsingValidStartDateAndEndDate" time="0.367"/>
  <testcase classname="apitest.apibasis.NeoFeedTest" name="verifyUsingValidTestDetails" time="0.453"/>
  <testcase classname="apitest.apibasis.NeoFeedTest" name="verifyUsingValidTestDetails" time="13.911"/>
</testsuite> <!-- Default test -->
