<?xml version="1.0" encoding="UTF-8"?>
<!-- Generated by org.testng.reporters.JUnitXMLReporter -->
<testsuite ignored="0" hostname="LAPTOP-M7NDOE15" failures="0" tests="8" name="API test for neo feed" time="43.637" errors="0" timestamp="2022-01-09T10:45:52 IST">
  <testcase classname="apitest.apibasis.NeoFeedTest" name="verifyInvalidDateFormat" time="6.365"/>
  <testcase classname="apitest.apibasis.NeoFeedTest" name="verifySwappedStartDateAndEndDate" time="9.027"/>
  <testcase classname="apitest.apibasis.NeoFeedTest" name="verifyUsingInvalidAPIKey" time="1.391"/>
  <testcase classname="apitest.apibasis.NeoFeedTest" name="verifyUsingValidTestDetails" time="2.331"/>
  <testcase classname="apitest.apibasis.NeoFeedTest" name="verifyWithoutAPIKey" time="1.301"/>
  <testcase classname="apitest.apibasis.NeoFeedTest" name="verifyWithoutEndDate" time="10.089"/>
  <testcase classname="apitest.apibasis.NeoFeedTest" name="verifyWithoutStartDate" time="5.444"/>
  <testcase classname="apitest.apibasis.NeoFeedTest" name="verifyWithoutStartDateAndEndDate" time="7.54"/>
</testsuite> <!-- API test for neo feed -->
