<?xml version="1.0" encoding="UTF-8"?>
<testng-results ignored="0" total="10" passed="7" failed="3" skipped="0">
  <reporter-output>
  </reporter-output>
  <suite started-at="2024-01-31T12:45:44Z" name="Surefire suite" finished-at="2024-01-31T12:46:01Z" duration-ms="16983">
    <groups>
    </groups>
    <test started-at="2024-01-31T12:45:44Z" name="Surefire test" finished-at="2024-01-31T12:46:01Z" duration-ms="16983">
      <class name="apitest.apibasis.NeoFeedTest">
        <test-method signature="verifyWithoutStartDateAndEndDate()[pri:1, instance:apitest.apibasis.NeoFeedTest@4cf4d528]" started-at="2024-01-31T12:45:44Z" name="verifyWithoutStartDateAndEndDate" finished-at="2024-01-31T12:45:48Z" duration-ms="3925" status="PASS">
          <reporter-output>
          </reporter-output>
        </test-method> <!-- verifyWithoutStartDateAndEndDate -->
        <test-method signature="verifyWithoutStartDate()[pri:2, instance:apitest.apibasis.NeoFeedTest@4cf4d528]" started-at="2024-01-31T12:45:48Z" name="verifyWithoutStartDate" finished-at="2024-01-31T12:45:49Z" duration-ms="1072" status="PASS">
          <reporter-output>
          </reporter-output>
        </test-method> <!-- verifyWithoutStartDate -->
        <test-method signature="verifyWithoutEndDate()[pri:3, instance:apitest.apibasis.NeoFeedTest@4cf4d528]" started-at="2024-01-31T12:45:49Z" name="verifyWithoutEndDate" finished-at="2024-01-31T12:45:51Z" duration-ms="2196" status="PASS">
          <reporter-output>
          </reporter-output>
        </test-method> <!-- verifyWithoutEndDate -->
        <test-method signature="verifySwappedStartDateAndEndDate()[pri:4, instance:apitest.apibasis.NeoFeedTest@4cf4d528]" started-at="2024-01-31T12:45:51Z" name="verifySwappedStartDateAndEndDate" finished-at="2024-01-31T12:45:53Z" duration-ms="1823" status="PASS">
          <reporter-output>
          </reporter-output>
        </test-method> <!-- verifySwappedStartDateAndEndDate -->
        <test-method signature="verifyInvalidDateFormat()[pri:5, instance:apitest.apibasis.NeoFeedTest@4cf4d528]" started-at="2024-01-31T12:45:53Z" name="verifyInvalidDateFormat" finished-at="2024-01-31T12:45:55Z" duration-ms="1652" status="FAIL">
          <exception class="java.lang.AssertionError">
            <message>
              <![CDATA[1 expectation failed.
JSON path error_message doesn't match.
Expected: Date Format Exception - Expected format (yyyy-mm-dd) - Invalid_Date_Format - Unparseable date: \"Invalid_Date_Format\"
  Actual: Date Format Exception - Expected format (yyyy-mm-dd) - Invalid_Date_Format
]]>
            </message>
            <full-stacktrace>
              <![CDATA[java.lang.AssertionError: 1 expectation failed.
JSON path error_message doesn't match.
Expected: Date Format Exception - Expected format (yyyy-mm-dd) - Invalid_Date_Format - Unparseable date: \"Invalid_Date_Format\"
  Actual: Date Format Exception - Expected format (yyyy-mm-dd) - Invalid_Date_Format

at java.base/jdk.internal.reflect.DirectConstructorHandleAccessor.newInstance(DirectConstructorHandleAccessor.java:62)
at java.base/java.lang.reflect.Constructor.newInstanceWithCaller(Constructor.java:502)
at java.base/java.lang.reflect.Constructor.newInstance(Constructor.java:486)
at org.codehaus.groovy.reflection.CachedConstructor.invoke(CachedConstructor.java:72)
at org.codehaus.groovy.runtime.callsite.ConstructorSite$ConstructorSiteNoUnwrapNoCoerce.callConstructor(ConstructorSite.java:105)
at org.codehaus.groovy.runtime.callsite.CallSiteArray.defaultCallConstructor(CallSiteArray.java:59)
at org.codehaus.groovy.runtime.callsite.AbstractCallSite.callConstructor(AbstractCallSite.java:263)
at org.codehaus.groovy.runtime.callsite.AbstractCallSite.callConstructor(AbstractCallSite.java:277)
at io.restassured.internal.ResponseSpecificationImpl$HamcrestAssertionClosure.validate(ResponseSpecificationImpl.groovy:493)
at io.restassured.internal.ResponseSpecificationImpl$HamcrestAssertionClosure$validate$1.call(Unknown Source)
at io.restassured.internal.ResponseSpecificationImpl.validateResponseIfRequired(ResponseSpecificationImpl.groovy:674)
at java.base/jdk.internal.reflect.DirectMethodHandleAccessor.invoke(DirectMethodHandleAccessor.java:103)
at java.base/java.lang.reflect.Method.invoke(Method.java:580)
at org.codehaus.groovy.runtime.callsite.PlainObjectMetaMethodSite.doInvoke(PlainObjectMetaMethodSite.java:43)
at org.codehaus.groovy.runtime.callsite.PogoMetaMethodSite$PogoCachedMethodSiteNoUnwrapNoCoerce.invoke(PogoMetaMethodSite.java:193)
at org.codehaus.groovy.runtime.callsite.PogoMetaMethodSite.callCurrent(PogoMetaMethodSite.java:61)
at org.codehaus.groovy.runtime.callsite.CallSiteArray.defaultCallCurrent(CallSiteArray.java:51)
at org.codehaus.groovy.runtime.callsite.AbstractCallSite.callCurrent(AbstractCallSite.java:171)
at org.codehaus.groovy.runtime.callsite.AbstractCallSite.callCurrent(AbstractCallSite.java:185)
at io.restassured.internal.ResponseSpecificationImpl.body(ResponseSpecificationImpl.groovy:261)
at io.restassured.specification.ResponseSpecification$body$1.callCurrent(Unknown Source)
at org.codehaus.groovy.runtime.callsite.CallSiteArray.defaultCallCurrent(CallSiteArray.java:51)
at org.codehaus.groovy.runtime.callsite.AbstractCallSite.callCurrent(AbstractCallSite.java:171)
at org.codehaus.groovy.runtime.callsite.AbstractCallSite.callCurrent(AbstractCallSite.java:212)
at io.restassured.internal.ResponseSpecificationImpl.body(ResponseSpecificationImpl.groovy:108)
at io.restassured.internal.ValidatableResponseOptionsImpl.body(ValidatableResponseOptionsImpl.java:244)
at io.restassured.internal.ValidatableResponseImpl.super$2$body(ValidatableResponseImpl.groovy)
at java.base/jdk.internal.reflect.DirectMethodHandleAccessor.invoke(DirectMethodHandleAccessor.java:103)
at java.base/java.lang.reflect.Method.invoke(Method.java:580)
at org.codehaus.groovy.reflection.CachedMethod.invoke(CachedMethod.java:107)
at groovy.lang.MetaMethod.doMethodInvoke(MetaMethod.java:323)
at groovy.lang.MetaClassImpl.invokeMethod(MetaClassImpl.java:1268)
at org.codehaus.groovy.runtime.ScriptBytecodeAdapter.invokeMethodOnSuperN(ScriptBytecodeAdapter.java:144)
at io.restassured.internal.ValidatableResponseImpl.body(ValidatableResponseImpl.groovy:298)
at io.restassured.internal.ValidatableResponseImpl.body(ValidatableResponseImpl.groovy)
at apitest.apibasis.NeoFeedTest.verifyInvalidDateFormat(NeoFeedTest.java:70)
at java.base/jdk.internal.reflect.DirectMethodHandleAccessor.invoke(DirectMethodHandleAccessor.java:103)
at java.base/java.lang.reflect.Method.invoke(Method.java:580)
at org.testng.internal.MethodInvocationHelper.invokeMethod(MethodInvocationHelper.java:124)
at org.testng.internal.Invoker.invokeMethod(Invoker.java:580)
at org.testng.internal.Invoker.invokeTestMethod(Invoker.java:716)
at org.testng.internal.Invoker.invokeTestMethods(Invoker.java:988)
at org.testng.internal.TestMethodWorker.invokeTestMethods(TestMethodWorker.java:125)
at org.testng.internal.TestMethodWorker.run(TestMethodWorker.java:109)
at org.testng.TestRunner.privateRun(TestRunner.java:648)
at org.testng.TestRunner.run(TestRunner.java:505)
at org.testng.SuiteRunner.runTest(SuiteRunner.java:455)
at org.testng.SuiteRunner.runSequentially(SuiteRunner.java:450)
at org.testng.SuiteRunner.privateRun(SuiteRunner.java:415)
at org.testng.SuiteRunner.run(SuiteRunner.java:364)
at org.testng.SuiteRunnerWorker.runSuite(SuiteRunnerWorker.java:52)
at org.testng.SuiteRunnerWorker.run(SuiteRunnerWorker.java:84)
at org.testng.TestNG.runSuitesSequentially(TestNG.java:1208)
at org.testng.TestNG.runSuitesLocally(TestNG.java:1137)
at org.testng.TestNG.runSuites(TestNG.java:1049)
at org.testng.TestNG.run(TestNG.java:1017)
at org.apache.maven.surefire.testng.TestNGExecutor.run(TestNGExecutor.java:135)
at org.apache.maven.surefire.testng.TestNGDirectoryTestSuite.executeSingleClass(TestNGDirectoryTestSuite.java:112)
at org.apache.maven.surefire.testng.TestNGDirectoryTestSuite.execute(TestNGDirectoryTestSuite.java:99)
at org.apache.maven.surefire.testng.TestNGProvider.invoke(TestNGProvider.java:146)
at org.apache.maven.surefire.booter.ForkedBooter.invokeProviderInSameClassLoader(ForkedBooter.java:384)
at org.apache.maven.surefire.booter.ForkedBooter.runSuitesInProcess(ForkedBooter.java:345)
at org.apache.maven.surefire.booter.ForkedBooter.execute(ForkedBooter.java:126)
at org.apache.maven.surefire.booter.ForkedBooter.main(ForkedBooter.java:418)
]]>
            </full-stacktrace>
          </exception> <!-- java.lang.AssertionError -->
          <reporter-output>
          </reporter-output>
        </test-method> <!-- verifyInvalidDateFormat -->
        <test-method signature="verifyUsingInvalidAPIKey()[pri:6, instance:apitest.apibasis.NeoFeedTest@4cf4d528]" started-at="2024-01-31T12:45:55Z" name="verifyUsingInvalidAPIKey" finished-at="2024-01-31T12:45:56Z" duration-ms="890" status="PASS">
          <reporter-output>
          </reporter-output>
        </test-method> <!-- verifyUsingInvalidAPIKey -->
        <test-method signature="verifyWithoutAPIKey()[pri:7, instance:apitest.apibasis.NeoFeedTest@4cf4d528]" started-at="2024-01-31T12:45:56Z" name="verifyWithoutAPIKey" finished-at="2024-01-31T12:45:56Z" duration-ms="922" status="PASS">
          <reporter-output>
          </reporter-output>
        </test-method> <!-- verifyWithoutAPIKey -->
        <test-method signature="verifyUsingValidStartDateAndEndDate()[pri:8, instance:apitest.apibasis.NeoFeedTest@4cf4d528]" started-at="2024-01-31T12:45:56Z" name="verifyUsingValidStartDateAndEndDate" finished-at="2024-01-31T12:45:58Z" duration-ms="1352" status="PASS">
          <reporter-output>
          </reporter-output>
        </test-method> <!-- verifyUsingValidStartDateAndEndDate -->
        <test-method signature="verifyUsingValidTestDetails(testdata.NeoTestDetails)[pri:9, instance:apitest.apibasis.NeoFeedTest@4cf4d528]" started-at="2024-01-31T12:45:58Z" name="verifyUsingValidTestDetails" data-provider="getTestData" finished-at="2024-01-31T12:45:59Z" duration-ms="1286" status="FAIL">
          <params>
            <param index="0">
              <value>
                <![CDATA[testdata.NeoTestDetails@2a140ce5]]>
              </value>
            </param>
          </params>
          <exception class="java.lang.reflect.InaccessibleObjectException">
            <message>
              <![CDATA[Unable to make field private final int java.time.LocalDate.year accessible: module java.base does not "opens java.time" to unnamed module @58ceff1]]>
            </message>
            <full-stacktrace>
              <![CDATA[java.lang.reflect.InaccessibleObjectException: Unable to make field private final int java.time.LocalDate.year accessible: module java.base does not "opens java.time" to unnamed module @58ceff1
at java.base/java.lang.reflect.AccessibleObject.throwInaccessibleObjectException(AccessibleObject.java:391)
at java.base/java.lang.reflect.AccessibleObject.checkCanSetAccessible(AccessibleObject.java:367)
at java.base/java.lang.reflect.AccessibleObject.checkCanSetAccessible(AccessibleObject.java:315)
at java.base/java.lang.reflect.Field.checkCanSetAccessible(Field.java:183)
at java.base/java.lang.reflect.Field.setAccessible(Field.java:177)
at com.google.gson.internal.bind.ReflectiveTypeAdapterFactory.getBoundFields(ReflectiveTypeAdapterFactory.java:153)
at com.google.gson.internal.bind.ReflectiveTypeAdapterFactory.create(ReflectiveTypeAdapterFactory.java:96)
at com.google.gson.Gson.getAdapter(Gson.java:416)
at com.google.gson.internal.bind.ReflectiveTypeAdapterFactory.getFieldAdapter(ReflectiveTypeAdapterFactory.java:135)
at com.google.gson.internal.bind.ReflectiveTypeAdapterFactory$1.<init>(ReflectiveTypeAdapterFactory.java:105)
at com.google.gson.internal.bind.ReflectiveTypeAdapterFactory.createBoundField(ReflectiveTypeAdapterFactory.java:104)
at com.google.gson.internal.bind.ReflectiveTypeAdapterFactory.getBoundFields(ReflectiveTypeAdapterFactory.java:160)
at com.google.gson.internal.bind.ReflectiveTypeAdapterFactory.create(ReflectiveTypeAdapterFactory.java:96)
at com.google.gson.Gson.getAdapter(Gson.java:416)
at com.google.gson.internal.bind.ArrayTypeAdapter$1.create(ArrayTypeAdapter.java:48)
at com.google.gson.Gson.getAdapter(Gson.java:416)
at com.google.gson.internal.bind.ReflectiveTypeAdapterFactory.getFieldAdapter(ReflectiveTypeAdapterFactory.java:135)
at com.google.gson.internal.bind.ReflectiveTypeAdapterFactory$1.<init>(ReflectiveTypeAdapterFactory.java:105)
at com.google.gson.internal.bind.ReflectiveTypeAdapterFactory.createBoundField(ReflectiveTypeAdapterFactory.java:104)
at com.google.gson.internal.bind.ReflectiveTypeAdapterFactory.getBoundFields(ReflectiveTypeAdapterFactory.java:160)
at com.google.gson.internal.bind.ReflectiveTypeAdapterFactory.create(ReflectiveTypeAdapterFactory.java:96)
at com.google.gson.Gson.getAdapter(Gson.java:416)
at com.google.gson.internal.bind.ArrayTypeAdapter$1.create(ArrayTypeAdapter.java:48)
at com.google.gson.Gson.getAdapter(Gson.java:416)
at com.google.gson.internal.bind.MapTypeAdapterFactory.create(MapTypeAdapterFactory.java:126)
at com.google.gson.Gson.getAdapter(Gson.java:416)
at com.google.gson.internal.bind.ReflectiveTypeAdapterFactory.getFieldAdapter(ReflectiveTypeAdapterFactory.java:135)
at com.google.gson.internal.bind.ReflectiveTypeAdapterFactory$1.<init>(ReflectiveTypeAdapterFactory.java:105)
at com.google.gson.internal.bind.ReflectiveTypeAdapterFactory.createBoundField(ReflectiveTypeAdapterFactory.java:104)
at com.google.gson.internal.bind.ReflectiveTypeAdapterFactory.getBoundFields(ReflectiveTypeAdapterFactory.java:160)
at com.google.gson.internal.bind.ReflectiveTypeAdapterFactory.create(ReflectiveTypeAdapterFactory.java:96)
at com.google.gson.Gson.getAdapter(Gson.java:416)
at com.google.gson.Gson.fromJson(Gson.java:878)
at com.google.gson.Gson.fromJson(Gson.java:844)
at com.google.gson.Gson.fromJson(Gson.java:793)
at com.google.gson.Gson.fromJson(Gson.java:765)
at com.google.gson.Gson$fromJson.call(Unknown Source)
at org.codehaus.groovy.runtime.callsite.CallSiteArray.defaultCall(CallSiteArray.java:47)
at org.codehaus.groovy.runtime.callsite.AbstractCallSite.call(AbstractCallSite.java:125)
at org.codehaus.groovy.runtime.callsite.AbstractCallSite.call(AbstractCallSite.java:148)
at io.restassured.internal.path.json.mapping.JsonPathGsonObjectDeserializer.deserialize(JsonPathGsonObjectDeserializer.groovy:35)
at io.restassured.path.json.mapping.JsonPathObjectDeserializer$deserialize.call(Unknown Source)
at org.codehaus.groovy.runtime.callsite.CallSiteArray.defaultCall(CallSiteArray.java:47)
at org.codehaus.groovy.runtime.callsite.AbstractCallSite.call(AbstractCallSite.java:125)
at org.codehaus.groovy.runtime.callsite.AbstractCallSite.call(AbstractCallSite.java:139)
at io.restassured.internal.mapping.GsonMapper.deserialize(GsonMapper.groovy:39)
at io.restassured.mapper.ObjectMapper$deserialize.call(Unknown Source)
at org.codehaus.groovy.runtime.callsite.CallSiteArray.defaultCall(CallSiteArray.java:47)
at org.codehaus.groovy.runtime.callsite.AbstractCallSite.call(AbstractCallSite.java:125)
at org.codehaus.groovy.runtime.callsite.AbstractCallSite.call(AbstractCallSite.java:139)
at io.restassured.internal.mapping.ObjectMapping.parseWithGson(ObjectMapping.groovy:230)
at java.base/jdk.internal.reflect.DirectMethodHandleAccessor.invoke(DirectMethodHandleAccessor.java:103)
at java.base/java.lang.reflect.Method.invoke(Method.java:580)
at org.codehaus.groovy.reflection.CachedMethod.invoke(CachedMethod.java:107)
at org.codehaus.groovy.runtime.callsite.StaticMetaMethodSite$StaticMetaMethodSiteNoUnwrapNoCoerce.invoke(StaticMetaMethodSite.java:149)
at org.codehaus.groovy.runtime.callsite.StaticMetaMethodSite.callStatic(StaticMetaMethodSite.java:100)
at org.codehaus.groovy.runtime.callsite.CallSiteArray.defaultCallStatic(CallSiteArray.java:55)
at org.codehaus.groovy.runtime.callsite.AbstractCallSite.callStatic(AbstractCallSite.java:217)
at org.codehaus.groovy.runtime.callsite.AbstractCallSite.callStatic(AbstractCallSite.java:240)
at io.restassured.internal.mapping.ObjectMapping.deserialize(ObjectMapping.groovy:63)
at io.restassured.internal.mapping.ObjectMapping$deserialize.call(Unknown Source)
at org.codehaus.groovy.runtime.callsite.CallSiteArray.defaultCall(CallSiteArray.java:47)
at org.codehaus.groovy.runtime.callsite.AbstractCallSite.call(AbstractCallSite.java:125)
at io.restassured.internal.RestAssuredResponseOptionsGroovyImpl.as(RestAssuredResponseOptionsGroovyImpl.groovy:226)
at io.restassured.internal.RestAssuredResponseOptionsImpl.as(RestAssuredResponseOptionsImpl.java:169)
at apitest.apibasis.NeoFeedTest.verifyUsingValidTestDetails(NeoFeedTest.java:116)
at java.base/jdk.internal.reflect.DirectMethodHandleAccessor.invoke(DirectMethodHandleAccessor.java:103)
at java.base/java.lang.reflect.Method.invoke(Method.java:580)
at org.testng.internal.MethodInvocationHelper.invokeMethod(MethodInvocationHelper.java:124)
at org.testng.internal.Invoker.invokeMethod(Invoker.java:580)
at org.testng.internal.Invoker.invokeTestMethod(Invoker.java:716)
at org.testng.internal.Invoker.invokeTestMethods(Invoker.java:988)
at org.testng.internal.TestMethodWorker.invokeTestMethods(TestMethodWorker.java:125)
at org.testng.internal.TestMethodWorker.run(TestMethodWorker.java:109)
at org.testng.TestRunner.privateRun(TestRunner.java:648)
at org.testng.TestRunner.run(TestRunner.java:505)
at org.testng.SuiteRunner.runTest(SuiteRunner.java:455)
at org.testng.SuiteRunner.runSequentially(SuiteRunner.java:450)
at org.testng.SuiteRunner.privateRun(SuiteRunner.java:415)
at org.testng.SuiteRunner.run(SuiteRunner.java:364)
at org.testng.SuiteRunnerWorker.runSuite(SuiteRunnerWorker.java:52)
at org.testng.SuiteRunnerWorker.run(SuiteRunnerWorker.java:84)
at org.testng.TestNG.runSuitesSequentially(TestNG.java:1208)
at org.testng.TestNG.runSuitesLocally(TestNG.java:1137)
at org.testng.TestNG.runSuites(TestNG.java:1049)
at org.testng.TestNG.run(TestNG.java:1017)
at org.apache.maven.surefire.testng.TestNGExecutor.run(TestNGExecutor.java:135)
at org.apache.maven.surefire.testng.TestNGDirectoryTestSuite.executeSingleClass(TestNGDirectoryTestSuite.java:112)
at org.apache.maven.surefire.testng.TestNGDirectoryTestSuite.execute(TestNGDirectoryTestSuite.java:99)
at org.apache.maven.surefire.testng.TestNGProvider.invoke(TestNGProvider.java:146)
at org.apache.maven.surefire.booter.ForkedBooter.invokeProviderInSameClassLoader(ForkedBooter.java:384)
at org.apache.maven.surefire.booter.ForkedBooter.runSuitesInProcess(ForkedBooter.java:345)
at org.apache.maven.surefire.booter.ForkedBooter.execute(ForkedBooter.java:126)
at org.apache.maven.surefire.booter.ForkedBooter.main(ForkedBooter.java:418)
]]>
            </full-stacktrace>
          </exception> <!-- java.lang.reflect.InaccessibleObjectException -->
          <reporter-output>
          </reporter-output>
        </test-method> <!-- verifyUsingValidTestDetails -->
        <test-method signature="verifyUsingValidTestDetails(testdata.NeoTestDetails)[pri:9, instance:apitest.apibasis.NeoFeedTest@4cf4d528]" started-at="2024-01-31T12:45:59Z" name="verifyUsingValidTestDetails" data-provider="getTestData" finished-at="2024-01-31T12:46:01Z" duration-ms="1791" status="FAIL">
          <params>
            <param index="0">
              <value>
                <![CDATA[testdata.NeoTestDetails@db99785]]>
              </value>
            </param>
          </params>
          <exception class="java.lang.reflect.InaccessibleObjectException">
            <message>
              <![CDATA[Unable to make field private final int java.time.LocalDate.year accessible: module java.base does not "opens java.time" to unnamed module @58ceff1]]>
            </message>
            <full-stacktrace>
              <![CDATA[java.lang.reflect.InaccessibleObjectException: Unable to make field private final int java.time.LocalDate.year accessible: module java.base does not "opens java.time" to unnamed module @58ceff1
at java.base/java.lang.reflect.AccessibleObject.throwInaccessibleObjectException(AccessibleObject.java:391)
at java.base/java.lang.reflect.AccessibleObject.checkCanSetAccessible(AccessibleObject.java:367)
at java.base/java.lang.reflect.AccessibleObject.checkCanSetAccessible(AccessibleObject.java:315)
at java.base/java.lang.reflect.Field.checkCanSetAccessible(Field.java:183)
at java.base/java.lang.reflect.Field.setAccessible(Field.java:177)
at com.google.gson.internal.bind.ReflectiveTypeAdapterFactory.getBoundFields(ReflectiveTypeAdapterFactory.java:153)
at com.google.gson.internal.bind.ReflectiveTypeAdapterFactory.create(ReflectiveTypeAdapterFactory.java:96)
at com.google.gson.Gson.getAdapter(Gson.java:416)
at com.google.gson.internal.bind.ReflectiveTypeAdapterFactory.getFieldAdapter(ReflectiveTypeAdapterFactory.java:135)
at com.google.gson.internal.bind.ReflectiveTypeAdapterFactory$1.<init>(ReflectiveTypeAdapterFactory.java:105)
at com.google.gson.internal.bind.ReflectiveTypeAdapterFactory.createBoundField(ReflectiveTypeAdapterFactory.java:104)
at com.google.gson.internal.bind.ReflectiveTypeAdapterFactory.getBoundFields(ReflectiveTypeAdapterFactory.java:160)
at com.google.gson.internal.bind.ReflectiveTypeAdapterFactory.create(ReflectiveTypeAdapterFactory.java:96)
at com.google.gson.Gson.getAdapter(Gson.java:416)
at com.google.gson.internal.bind.ArrayTypeAdapter$1.create(ArrayTypeAdapter.java:48)
at com.google.gson.Gson.getAdapter(Gson.java:416)
at com.google.gson.internal.bind.ReflectiveTypeAdapterFactory.getFieldAdapter(ReflectiveTypeAdapterFactory.java:135)
at com.google.gson.internal.bind.ReflectiveTypeAdapterFactory$1.<init>(ReflectiveTypeAdapterFactory.java:105)
at com.google.gson.internal.bind.ReflectiveTypeAdapterFactory.createBoundField(ReflectiveTypeAdapterFactory.java:104)
at com.google.gson.internal.bind.ReflectiveTypeAdapterFactory.getBoundFields(ReflectiveTypeAdapterFactory.java:160)
at com.google.gson.internal.bind.ReflectiveTypeAdapterFactory.create(ReflectiveTypeAdapterFactory.java:96)
at com.google.gson.Gson.getAdapter(Gson.java:416)
at com.google.gson.internal.bind.ArrayTypeAdapter$1.create(ArrayTypeAdapter.java:48)
at com.google.gson.Gson.getAdapter(Gson.java:416)
at com.google.gson.internal.bind.MapTypeAdapterFactory.create(MapTypeAdapterFactory.java:126)
at com.google.gson.Gson.getAdapter(Gson.java:416)
at com.google.gson.internal.bind.ReflectiveTypeAdapterFactory.getFieldAdapter(ReflectiveTypeAdapterFactory.java:135)
at com.google.gson.internal.bind.ReflectiveTypeAdapterFactory$1.<init>(ReflectiveTypeAdapterFactory.java:105)
at com.google.gson.internal.bind.ReflectiveTypeAdapterFactory.createBoundField(ReflectiveTypeAdapterFactory.java:104)
at com.google.gson.internal.bind.ReflectiveTypeAdapterFactory.getBoundFields(ReflectiveTypeAdapterFactory.java:160)
at com.google.gson.internal.bind.ReflectiveTypeAdapterFactory.create(ReflectiveTypeAdapterFactory.java:96)
at com.google.gson.Gson.getAdapter(Gson.java:416)
at com.google.gson.Gson.fromJson(Gson.java:878)
at com.google.gson.Gson.fromJson(Gson.java:844)
at com.google.gson.Gson.fromJson(Gson.java:793)
at com.google.gson.Gson.fromJson(Gson.java:765)
at com.google.gson.Gson$fromJson.call(Unknown Source)
at io.restassured.internal.path.json.mapping.JsonPathGsonObjectDeserializer.deserialize(JsonPathGsonObjectDeserializer.groovy:35)
at io.restassured.path.json.mapping.JsonPathObjectDeserializer$deserialize.call(Unknown Source)
at io.restassured.internal.mapping.GsonMapper.deserialize(GsonMapper.groovy:39)
at io.restassured.mapper.ObjectMapper$deserialize.call(Unknown Source)
at io.restassured.internal.mapping.ObjectMapping.parseWithGson(ObjectMapping.groovy:230)
at java.base/jdk.internal.reflect.DirectMethodHandleAccessor.invoke(DirectMethodHandleAccessor.java:103)
at java.base/java.lang.reflect.Method.invoke(Method.java:580)
at org.codehaus.groovy.reflection.CachedMethod.invoke(CachedMethod.java:107)
at org.codehaus.groovy.runtime.callsite.StaticMetaMethodSite$StaticMetaMethodSiteNoUnwrapNoCoerce.invoke(StaticMetaMethodSite.java:149)
at org.codehaus.groovy.runtime.callsite.StaticMetaMethodSite.callStatic(StaticMetaMethodSite.java:100)
at org.codehaus.groovy.runtime.callsite.AbstractCallSite.callStatic(AbstractCallSite.java:240)
at io.restassured.internal.mapping.ObjectMapping.deserialize(ObjectMapping.groovy:63)
at io.restassured.internal.mapping.ObjectMapping$deserialize.call(Unknown Source)
at io.restassured.internal.RestAssuredResponseOptionsGroovyImpl.as(RestAssuredResponseOptionsGroovyImpl.groovy:226)
at io.restassured.internal.RestAssuredResponseOptionsImpl.as(RestAssuredResponseOptionsImpl.java:169)
at apitest.apibasis.NeoFeedTest.verifyUsingValidTestDetails(NeoFeedTest.java:116)
at java.base/jdk.internal.reflect.DirectMethodHandleAccessor.invoke(DirectMethodHandleAccessor.java:103)
at java.base/java.lang.reflect.Method.invoke(Method.java:580)
at org.testng.internal.MethodInvocationHelper.invokeMethod(MethodInvocationHelper.java:124)
at org.testng.internal.Invoker.invokeMethod(Invoker.java:580)
at org.testng.internal.Invoker.invokeTestMethod(Invoker.java:716)
at org.testng.internal.Invoker.invokeTestMethods(Invoker.java:988)
at org.testng.internal.TestMethodWorker.invokeTestMethods(TestMethodWorker.java:125)
at org.testng.internal.TestMethodWorker.run(TestMethodWorker.java:109)
at org.testng.TestRunner.privateRun(TestRunner.java:648)
at org.testng.TestRunner.run(TestRunner.java:505)
at org.testng.SuiteRunner.runTest(SuiteRunner.java:455)
at org.testng.SuiteRunner.runSequentially(SuiteRunner.java:450)
at org.testng.SuiteRunner.privateRun(SuiteRunner.java:415)
at org.testng.SuiteRunner.run(SuiteRunner.java:364)
at org.testng.SuiteRunnerWorker.runSuite(SuiteRunnerWorker.java:52)
at org.testng.SuiteRunnerWorker.run(SuiteRunnerWorker.java:84)
at org.testng.TestNG.runSuitesSequentially(TestNG.java:1208)
at org.testng.TestNG.runSuitesLocally(TestNG.java:1137)
at org.testng.TestNG.runSuites(TestNG.java:1049)
at org.testng.TestNG.run(TestNG.java:1017)
at org.apache.maven.surefire.testng.TestNGExecutor.run(TestNGExecutor.java:135)
at org.apache.maven.surefire.testng.TestNGDirectoryTestSuite.executeSingleClass(TestNGDirectoryTestSuite.java:112)
at org.apache.maven.surefire.testng.TestNGDirectoryTestSuite.execute(TestNGDirectoryTestSuite.java:99)
at org.apache.maven.surefire.testng.TestNGProvider.invoke(TestNGProvider.java:146)
at org.apache.maven.surefire.booter.ForkedBooter.invokeProviderInSameClassLoader(ForkedBooter.java:384)
at org.apache.maven.surefire.booter.ForkedBooter.runSuitesInProcess(ForkedBooter.java:345)
at org.apache.maven.surefire.booter.ForkedBooter.execute(ForkedBooter.java:126)
at org.apache.maven.surefire.booter.ForkedBooter.main(ForkedBooter.java:418)
]]>
            </full-stacktrace>
          </exception> <!-- java.lang.reflect.InaccessibleObjectException -->
          <reporter-output>
          </reporter-output>
        </test-method> <!-- verifyUsingValidTestDetails -->
      </class> <!-- apitest.apibasis.NeoFeedTest -->
    </test> <!-- Surefire test -->
  </suite> <!-- Surefire suite -->
</testng-results>
