<?xml version="1.0" encoding="UTF-8"?>
<testsuite xmlns:xsi="http://www.w3.org/2001/XMLSchema-instance" xsi:noNamespaceSchemaLocation="https://maven.apache.org/surefire/maven-surefire-plugin/xsd/surefire-test-report.xsd" name="apitest.apibasis.NeoFeedTest" time="17.399" tests="10" errors="0" skipped="0" failures="3">
  <properties>
[...]
</properties>
  <testcase name="verifyWithoutStartDateAndEndDate" classname="apitest.apibasis.NeoFeedTest" time="3.924"/>
  <testcase name="verifyWithoutStartDate" classname="apitest.apibasis.NeoFeedTest" time="1.072"/>
  <testcase name="verifyWithoutEndDate" classname="apitest.apibasis.NeoFeedTest" time="2.195"/>
  <testcase name="verifySwappedStartDateAndEndDate" classname="apitest.apibasis.NeoFeedTest" time="1.823"/>
  <testcase name="verifyInvalidDateFormat" classname="apitest.apibasis.NeoFeedTest" time="1.66">
    <failure message="1 expectation failed.&#10;JSON path error_message doesn&apos;t match.&#10;Expected: Date Format Exception - Expected format (yyyy-mm-dd) - Invalid_Date_Format - Unparseable date: \&quot;Invalid_Date_Format\&quot;&#10;  Actual: Date Format Exception - Expected format (yyyy-mm-dd) - Invalid_Date_Format&#10;" type="java.lang.AssertionError">java.lang.AssertionError: 
1 expectation failed.
JSON path error_message doesn't match.
Expected: Date Format Exception - Expected format (yyyy-mm-dd) - Invalid_Date_Format - Unparseable date: \"Invalid_Date_Format\"
  Actual: Date Format Exception - Expected format (yyyy-mm-dd) - Invalid_Date_Format

	at apitest.apibasis.NeoFeedTest.verifyInvalidDateFormat(NeoFeedTest.java:70)
</failure>
  </testcase>
  <testcase name="verifyUsingInvalidAPIKey" classname="apitest.apibasis.NeoFeedTest" time="0.889"/>
  <testcase name="verifyWithoutAPIKey" classname="apitest.apibasis.NeoFeedTest" time="0.922"/>
  <testcase name="verifyUsingValidStartDateAndEndDate" classname="apitest.apibasis.NeoFeedTest" time="1.353"/>
  <testcase name="verifyUsingValidTestDetails" classname="apitest.apibasis.NeoFeedTest" time="1.287">
    <failure message="Unable to make field private final int java.time.LocalDate.year accessible: module java.base does not &quot;opens java.time&quot; to unnamed module @58ceff1" type="java.lang.reflect.InaccessibleObjectException">java.lang.reflect.InaccessibleObjectException: Unable to make field private final int java.time.LocalDate.year accessible: module java.base does not "opens java.time" to unnamed module @58ceff1
	at apitest.apibasis.NeoFeedTest.verifyUsingValidTestDetails(NeoFeedTest.java:116)
</failure>
  </testcase>
  <testcase name="verifyUsingValidTestDetails" classname="apitest.apibasis.NeoFeedTest" time="1.792">
    <failure message="Unable to make field private final int java.time.LocalDate.year accessible: module java.base does not &quot;opens java.time&quot; to unnamed module @58ceff1" type="java.lang.reflect.InaccessibleObjectException">java.lang.reflect.InaccessibleObjectException: Unable to make field private final int java.time.LocalDate.year accessible: module java.base does not "opens java.time" to unnamed module @58ceff1
	at apitest.apibasis.NeoFeedTest.verifyUsingValidTestDetails(NeoFeedTest.java:116)
</failure>
  </testcase>
</testsuite>