<?xml version="1.0" encoding="UTF-8"?>
<testng-results ignored="0" total="10" passed="10" failed="0" skipped="0">
  <reporter-output>
  </reporter-output>
  <suite started-at="2022-01-09T09:47:04 EST" name="Default suite" finished-at="2022-01-09T09:47:45 EST" duration-ms="41128">
    <groups>
    </groups>
    <test started-at="2022-01-09T09:47:04 EST" name="Default test" finished-at="2022-01-09T09:47:45 EST" duration-ms="41128">
      <class name="apitest.apibasis.NeoFeedTest">
        <test-method signature="verifyWithoutStartDateAndEndDate()[pri:1, instance:apitest.apibasis.NeoFeedTest@4fb3ee4e]" started-at="2022-01-09T09:47:04 EST" name="verifyWithoutStartDateAndEndDate" finished-at="2022-01-09T09:47:06 EST" duration-ms="2099" status="PASS">
          <reporter-output>
          </reporter-output>
        </test-method> <!-- verifyWithoutStartDateAndEndDate -->
        <test-method signature="verifyWithoutStartDate()[pri:2, instance:apitest.apibasis.NeoFeedTest@4fb3ee4e]" started-at="2022-01-09T09:47:06 EST" name="verifyWithoutStartDate" finished-at="2022-01-09T09:47:06 EST" duration-ms="387" status="PASS">
          <reporter-output>
          </reporter-output>
        </test-method> <!-- verifyWithoutStartDate -->
        <test-method signature="verifyWithoutEndDate()[pri:3, instance:apitest.apibasis.NeoFeedTest@4fb3ee4e]" started-at="2022-01-09T09:47:06 EST" name="verifyWithoutEndDate" finished-at="2022-01-09T09:47:24 EST" duration-ms="17088" status="PASS">
          <reporter-output>
          </reporter-output>
        </test-method> <!-- verifyWithoutEndDate -->
        <test-method signature="verifySwappedStartDateAndEndDate()[pri:4, instance:apitest.apibasis.NeoFeedTest@4fb3ee4e]" started-at="2022-01-09T09:47:24 EST" name="verifySwappedStartDateAndEndDate" finished-at="2022-01-09T09:47:29 EST" duration-ms="5306" status="PASS">
          <reporter-output>
          </reporter-output>
        </test-method> <!-- verifySwappedStartDateAndEndDate -->
        <test-method signature="verifyInvalidDateFormat()[pri:5, instance:apitest.apibasis.NeoFeedTest@4fb3ee4e]" started-at="2022-01-09T09:47:29 EST" name="verifyInvalidDateFormat" finished-at="2022-01-09T09:47:30 EST" duration-ms="772" status="PASS">
          <reporter-output>
          </reporter-output>
        </test-method> <!-- verifyInvalidDateFormat -->
        <test-method signature="verifyUsingInvalidAPIKey()[pri:6, instance:apitest.apibasis.NeoFeedTest@4fb3ee4e]" started-at="2022-01-09T09:47:30 EST" name="verifyUsingInvalidAPIKey" finished-at="2022-01-09T09:47:30 EST" duration-ms="351" status="PASS">
          <reporter-output>
          </reporter-output>
        </test-method> <!-- verifyUsingInvalidAPIKey -->
        <test-method signature="verifyWithoutAPIKey()[pri:7, instance:apitest.apibasis.NeoFeedTest@4fb3ee4e]" started-at="2022-01-09T09:47:30 EST" name="verifyWithoutAPIKey" finished-at="2022-01-09T09:47:30 EST" duration-ms="325" status="PASS">
          <reporter-output>
          </reporter-output>
        </test-method> <!-- verifyWithoutAPIKey -->
        <test-method signature="verifyUsingValidStartDateAndEndDate()[pri:8, instance:apitest.apibasis.NeoFeedTest@4fb3ee4e]" started-at="2022-01-09T09:47:30 EST" name="verifyUsingValidStartDateAndEndDate" finished-at="2022-01-09T09:47:31 EST" duration-ms="367" status="PASS">
          <reporter-output>
          </reporter-output>
        </test-method> <!-- verifyUsingValidStartDateAndEndDate -->
        <test-method signature="verifyUsingValidTestDetails(testdata.NeoTestDetails)[pri:9, instance:apitest.apibasis.NeoFeedTest@4fb3ee4e]" started-at="2022-01-09T09:47:31 EST" name="verifyUsingValidTestDetails" data-provider="getTestData" finished-at="2022-01-09T09:47:31 EST" duration-ms="453" status="PASS">
          <params>
            <param index="0">
              <value>
                <![CDATA[testdata.NeoTestDetails@6ac45c0c]]>
              </value>
            </param>
          </params>
          <reporter-output>
          </reporter-output>
        </test-method> <!-- verifyUsingValidTestDetails -->
        <test-method signature="verifyUsingValidTestDetails(testdata.NeoTestDetails)[pri:9, instance:apitest.apibasis.NeoFeedTest@4fb3ee4e]" started-at="2022-01-09T09:47:31 EST" name="verifyUsingValidTestDetails" data-provider="getTestData" finished-at="2022-01-09T09:47:45 EST" duration-ms="13911" status="PASS">
          <params>
            <param index="0">
              <value>
                <![CDATA[testdata.NeoTestDetails@34c76167]]>
              </value>
            </param>
          </params>
          <reporter-output>
          </reporter-output>
        </test-method> <!-- verifyUsingValidTestDetails -->
      </class> <!-- apitest.apibasis.NeoFeedTest -->
    </test> <!-- Default test -->
  </suite> <!-- Default suite -->
</testng-results>
